<?xml version="1.0" encoding="UTF-8"?>
<!-- Generated by org.testng.reporters.JUnitReportReporter -->
<testsuite hostname="BRILAP4303" failures="0" tests="1" name="com.brillio.Test.LoginTest" time="0.010" errors="0" timestamp="2022-05-30T12:17:07 IST" skipped="0">
  <testcase classname="com.brillio.Test.LoginTest" name="validCredentialTest" time="0.010"/>
  <system-out/>
</testsuite> <!-- com.brillio.Test.LoginTest -->
