<?xml version="1.0" encoding="UTF-8"?>
<!-- Generated by org.testng.reporters.JUnitReportReporter -->
<testsuite hostname="BRILAP4303" failures="0" tests="2" name="com.brillio.Test.LoginTest" time="28.843" errors="0" timestamp="2022-05-31T09:54:24 IST" skipped="0">
  <testcase classname="com.brillio.Test.LoginTest" name="validCredentialTest" time="16.245"/>
  <system-out/>
  <testcase classname="com.brillio.Test.LoginTest" name="InvalidCredentialTest" time="12.598"/>
  <system-out/>
</testsuite> <!-- com.brillio.Test.LoginTest -->
